# JRE version: OpenJDK Runtime Environment OpenLogic-OpenJDK (11.0.19+7) (build 11.0.19+7-adhoc.admin.jdk11u)
# Java VM: OpenJDK 64-Bit Server VM OpenLogic-OpenJDK (11.0.19+7-adhoc.admin.jdk11u, mixed mode, tiered, compressed oops, g1 gc, bsd-amd64)
Heap:
 garbage-first heap   total 524288K, used 111869K [0x0000000600000000, 0x0000000800000000)
  region size 2048K, 43 young (88064K), 4 survivors (8192K)
 Metaspace       used 31715K, capacity 32216K, committed 32640K, reserved 1077248K
  class space    used 3777K, capacity 3958K, committed 3968K, reserved 1048576K
GC Heap History (12 events):
Event: 0.467 GC heap before
{Heap before GC invocations=0 (full 0):
 garbage-first heap   total 524288K, used 24576K [0x0000000600000000, 0x0000000800000000)
  region size 2048K, 12 young (24576K), 0 survivors (0K)
 Metaspace       used 5670K, capacity 5744K, committed 6016K, reserved 1056768K
  class space    used 496K, capacity 534K, committed 640K, reserved 1048576K
}
Event: 0.474 GC heap after
{Heap after GC invocations=1 (full 0):
 garbage-first heap   total 524288K, used 16167K [0x0000000600000000, 0x0000000800000000)
  region size 2048K, 2 young (4096K), 2 survivors (4096K)
 Metaspace       used 5670K, capacity 5744K, committed 6016K, reserved 1056768K
  class space    used 496K, capacity 534K, committed 640K, reserved 1048576K
}
Event: 0.654 GC heap before
{Heap before GC invocations=1 (full 0):
 garbage-first heap   total 524288K, used 34599K [0x0000000600000000, 0x0000000800000000)
  region size 2048K, 12 young (24576K), 2 survivors (4096K)
 Metaspace       used 8633K, capacity 8762K, committed 9088K, reserved 1056768K
  class space    used 795K, capacity 836K, committed 896K, reserved 1048576K
}
Event: 0.662 GC heap after
{Heap after GC invocations=2 (full 0):
 garbage-first heap   total 524288K, used 29686K [0x0000000600000000, 0x0000000800000000)
  region size 2048K, 2 young (4096K), 2 survivors (4096K)
 Metaspace       used 8633K, capacity 8762K, committed 9088K, reserved 1056768K
  class space    used 795K, capacity 836K, committed 896K, reserved 1048576K
}
Event: 0.947 GC heap before
{Heap before GC invocations=2 (full 0):
 garbage-first heap   total 524288K, used 60406K [0x0000000600000000, 0x0000000800000000)
  region size 2048K, 18 young (36864K), 2 survivors (4096K)
 Metaspace       used 12233K, capacity 12397K, committed 12544K, reserved 1060864K
  class space    used 1214K, capacity 1257K, committed 1280K, reserved 1048576K
}
Event: 0.950 GC heap after
{Heap after GC invocations=3 (full 0):
 garbage-first heap   total 524288K, used 30583K [0x0000000600000000, 0x0000000800000000)
  region size 2048K, 1 young (2048K), 1 survivors (2048K)
 Metaspace       used 12233K, capacity 12397K, committed 12544K, reserved 1060864K
  class space    used 1214K, capacity 1257K, committed 1280K, reserved 1048576K
}
Event: 1.300 GC heap before
{Heap before GC invocations=3 (full 0):
 garbage-first heap   total 524288K, used 81783K [0x0000000600000000, 0x0000000800000000)
  region size 2048K, 26 young (53248K), 1 survivors (2048K)
 Metaspace       used 15559K, capacity 15750K, committed 16128K, reserved 1062912K
  class space    used 1650K, capacity 1732K, committed 1792K, reserved 1048576K
}
Event: 1.302 GC heap after
{Heap after GC invocations=4 (full 0):
 garbage-first heap   total 524288K, used 31685K [0x0000000600000000, 0x0000000800000000)
  region size 2048K, 1 young (2048K), 1 survivors (2048K)
 Metaspace       used 15559K, capacity 15750K, committed 16128K, reserved 1062912K
  class space    used 1650K, capacity 1732K, committed 1792K, reserved 1048576K
}
Event: 2.319 GC heap before
{Heap before GC invocations=4 (full 0):
 garbage-first heap   total 524288K, used 62405K [0x0000000600000000, 0x0000000800000000)
  region size 2048K, 17 young (34816K), 1 survivors (2048K)
 Metaspace       used 20568K, capacity 21019K, committed 21248K, reserved 1069056K
  class space    used 2291K, capacity 2488K, committed 2560K, reserved 1048576K
}
Event: 2.322 GC heap after
{Heap after GC invocations=5 (full 0):
 garbage-first heap   total 524288K, used 34606K [0x0000000600000000, 0x0000000800000000)
  region size 2048K, 3 young (6144K), 3 survivors (6144K)
 Metaspace       used 20568K, capacity 21019K, committed 21248K, reserved 1069056K
  class space    used 2291K, capacity 2488K, committed 2560K, reserved 1048576K
}
Event: 3.145 GC heap before
{Heap before GC invocations=6 (full 0):
 garbage-first heap   total 524288K, used 130862K [0x0000000600000000, 0x0000000800000000)
  region size 2048K, 50 young (102400K), 3 survivors (6144K)
 Metaspace       used 25751K, capacity 26221K, committed 26496K, reserved 1073152K
  class space    used 3198K, capacity 3396K, committed 3456K, reserved 1048576K
}
Event: 3.149 GC heap after
{Heap after GC invocations=7 (full 0):
 garbage-first heap   total 524288K, used 36093K [0x0000000600000000, 0x0000000800000000)
  region size 2048K, 4 young (8192K), 4 survivors (8192K)
 Metaspace       used 25751K, capacity 26221K, committed 26496K, reserved 1073152K
  class space    used 3198K, capacity 3396K, committed 3456K, reserved 1048576K
}

