# JRE version: OpenJDK Runtime Environment OpenLogic-OpenJDK (11.0.19+7) (build 11.0.19+7-adhoc.admin.jdk11u)
# Java VM: OpenJDK 64-Bit Server VM OpenLogic-OpenJDK (11.0.19+7-adhoc.admin.jdk11u, mixed mode, tiered, compressed oops, g1 gc, bsd-amd64)
Heap:
 garbage-first heap   total 524288K, used 130191K [0x0000000600000000, 0x0000000800000000)
  region size 2048K, 51 young (104448K), 4 survivors (8192K)
 Metaspace       used 35094K, capacity 35657K, committed 35840K, reserved 1081344K
  class space    used 4166K, capacity 4380K, committed 4480K, reserved 1048576K
GC Heap History (12 events):
Event: 0.601 GC heap before
{Heap before GC invocations=0 (full 0):
 garbage-first heap   total 524288K, used 24576K [0x0000000600000000, 0x0000000800000000)
  region size 2048K, 12 young (24576K), 0 survivors (0K)
 Metaspace       used 5719K, capacity 5808K, committed 6016K, reserved 1056768K
  class space    used 496K, capacity 534K, committed 640K, reserved 1048576K
}
Event: 0.608 GC heap after
{Heap after GC invocations=1 (full 0):
 garbage-first heap   total 524288K, used 16916K [0x0000000600000000, 0x0000000800000000)
  region size 2048K, 2 young (4096K), 2 survivors (4096K)
 Metaspace       used 5719K, capacity 5808K, committed 6016K, reserved 1056768K
  class space    used 496K, capacity 534K, committed 640K, reserved 1048576K
}
Event: 0.791 GC heap before
{Heap before GC invocations=1 (full 0):
 garbage-first heap   total 524288K, used 35348K [0x0000000600000000, 0x0000000800000000)
  region size 2048K, 12 young (24576K), 2 survivors (4096K)
 Metaspace       used 8512K, capacity 8591K, committed 8832K, reserved 1056768K
  class space    used 786K, capacity 799K, committed 896K, reserved 1048576K
}
Event: 0.796 GC heap after
{Heap after GC invocations=2 (full 0):
 garbage-first heap   total 524288K, used 31752K [0x0000000600000000, 0x0000000800000000)
  region size 2048K, 2 young (4096K), 2 survivors (4096K)
 Metaspace       used 8512K, capacity 8591K, committed 8832K, reserved 1056768K
  class space    used 786K, capacity 799K, committed 896K, reserved 1048576K
}
Event: 1.067 GC heap before
{Heap before GC invocations=2 (full 0):
 garbage-first heap   total 524288K, used 62472K [0x0000000600000000, 0x0000000800000000)
  region size 2048K, 17 young (34816K), 2 survivors (4096K)
 Metaspace       used 11993K, capacity 12197K, committed 12288K, reserved 1060864K
  class space    used 1182K, capacity 1255K, committed 1280K, reserved 1048576K
}
Event: 1.069 GC heap after
{Heap after GC invocations=3 (full 0):
 garbage-first heap   total 524288K, used 32422K [0x0000000600000000, 0x0000000800000000)
  region size 2048K, 1 young (2048K), 1 survivors (2048K)
 Metaspace       used 11993K, capacity 12197K, committed 12288K, reserved 1060864K
  class space    used 1182K, capacity 1255K, committed 1280K, reserved 1048576K
}
Event: 1.413 GC heap before
{Heap before GC invocations=3 (full 0):
 garbage-first heap   total 524288K, used 81574K [0x0000000600000000, 0x0000000800000000)
  region size 2048K, 25 young (51200K), 1 survivors (2048K)
 Metaspace       used 15354K, capacity 15590K, committed 15872K, reserved 1062912K
  class space    used 1637K, capacity 1700K, committed 1792K, reserved 1048576K
}
Event: 1.414 GC heap after
{Heap after GC invocations=4 (full 0):
 garbage-first heap   total 524288K, used 33562K [0x0000000600000000, 0x0000000800000000)
  region size 2048K, 1 young (2048K), 1 survivors (2048K)
 Metaspace       used 15354K, capacity 15590K, committed 15872K, reserved 1062912K
  class space    used 1637K, capacity 1700K, committed 1792K, reserved 1048576K
}
Event: 1.747 GC heap before
{Heap before GC invocations=4 (full 0):
 garbage-first heap   total 524288K, used 72474K [0x0000000600000000, 0x0000000800000000)
  region size 2048K, 21 young (43008K), 1 survivors (2048K)
 Metaspace       used 20739K, capacity 21148K, committed 21248K, reserved 1069056K
  class space    used 2307K, capacity 2488K, committed 2560K, reserved 1048576K
}
Event: 1.751 GC heap after
{Heap after GC invocations=5 (full 0):
 garbage-first heap   total 524288K, used 36594K [0x0000000600000000, 0x0000000800000000)
  region size 2048K, 3 young (6144K), 3 survivors (6144K)
 Metaspace       used 20739K, capacity 21148K, committed 21248K, reserved 1069056K
  class space    used 2307K, capacity 2488K, committed 2560K, reserved 1048576K
}
Event: 2.553 GC heap before
{Heap before GC invocations=6 (full 0):
 garbage-first heap   total 524288K, used 136946K [0x0000000600000000, 0x0000000800000000)
  region size 2048K, 52 young (106496K), 3 survivors (6144K)
 Metaspace       used 26250K, capacity 26740K, committed 26880K, reserved 1073152K
  class space    used 3243K, capacity 3462K, committed 3584K, reserved 1048576K
}
Event: 2.557 GC heap after
{Heap after GC invocations=7 (full 0):
 garbage-first heap   total 524288K, used 38031K [0x0000000600000000, 0x0000000800000000)
  region size 2048K, 4 young (8192K), 4 survivors (8192K)
 Metaspace       used 26250K, capacity 26740K, committed 26880K, reserved 1073152K
  class space    used 3243K, capacity 3462K, committed 3584K, reserved 1048576K
}

